<?xml version="1.0" encoding="UTF-8" standalone="yes" ?>
<test-results name="D:\Eduardo\TesteDelphi\ConsultaCep\TDD\Win32\Debug\ConsultaCepTDD.exe" total="1" errors="0" failures="0" ignored="0" inconclusive="0" not-run="0" skipped="0" invalid="0" date="2024-09-23" time="1.146">
  <culture-info current-culture="en" current-uiculture="en" />
  <test-suite type="Assembly" name="ConsultaCepTDD.exe" executed="true" result="Success" success="True" time="1.146" asserts="0">
    <results>
        <test-suite type="Namespace" name="uConsultaCep" executed="true" result="Success" success="True" time="1.145" asserts="0" >
          <results>
              <test-suite type="Fixture" name="TTesteConsultaCEP" executed="True" result="Success" success="True" time="1.145" >
                <results>
                  <test-case name="ConsultaCep" executed="True" result="Success" success="True" time="1.144" asserts="0" />
                </results>
              </test-suite>
          </results>
        </test-suite>
    </results>
  </test-suite>
</test-results>
